<?xml version="1.0" encoding="UTF-8"?>
<!-- Generated by org.testng.reporters.JUnitReportReporter -->
<testsuite skipped="0" hostname="DESKTOP-ULL41SB" name="execution.AssetCreation" tests="1" failures="0" timestamp="2021-06-08T15:39:07 IST" time="337.600" errors="0">
  <testcase name="assetCreation" time="337.600" classname="execution.AssetCreation"/>
  <system-out/>
</testsuite> <!-- execution.AssetCreation -->
